<?xml version="1.0" encoding="UTF-8"?>
<!-- Generated by org.testng.reporters.JUnitReportReporter -->
<testsuite hostname="LAPTOP-54GBLK4C" failures="0" tests="1" name="cucumber.TestNGTestRunner" time="10.152" errors="0" timestamp="2024-07-24T07:17:45 IST" skipped="0">
  <testcase classname="cucumber.TestNGTestRunner" name="runScenario" time="10.152"/>
</testsuite> <!-- cucumber.TestNGTestRunner -->
